<?xml version="1.0" encoding="UTF-8"?>
<!-- Generated by org.testng.reporters.JUnitReportReporter -->
<testsuite hostname="LAPTOP-TGUEFRPF" failures="0" tests="3" name="com.Runnerclass.RunnerWithTestNG" time="48.326" errors="0" timestamp="2021-11-29T10:08:13 IST" skipped="0">
  <testcase classname="com.Runnerclass.RunnerWithTestNG" name="getUrl" time="13.666"/>
  <system-out/>
  <testcase classname="com.Runnerclass.RunnerWithTestNG" name="navigateToWomenPage" time="12.948"/>
  <system-out/>
  <testcase classname="com.Runnerclass.RunnerWithTestNG" name="fullPurchase" time="21.712"/>
  <system-out/>
</testsuite> <!-- com.Runnerclass.RunnerWithTestNG -->
