<?xml version="1.0" encoding="UTF-8"?>
<!-- Generated by org.testng.reporters.JUnitReportReporter -->
<testsuite hostname="LAPTOP-TGUEFRPF" failures="0" tests="6" name="com.Runnerclass.RunnerWithTestNG" time="49.127" errors="0" timestamp="2021-11-22T14:10:34 IST" skipped="0">
  <testcase classname="com.Runnerclass.RunnerWithTestNG" name="log4jConfiguration" time="0.161"/>
  <system-out/>
  <testcase classname="com.Runnerclass.RunnerWithTestNG" name="settingProperties" time="1.901"/>
  <system-out/>
  <testcase classname="com.Runnerclass.RunnerWithTestNG" name="changingDriver" time="0.002"/>
  <system-out/>
  <testcase classname="com.Runnerclass.RunnerWithTestNG" name="getUrl" time="13.640"/>
  <system-out/>
  <testcase classname="com.Runnerclass.RunnerWithTestNG" name="navigateToWomenPage" time="11.920"/>
  <system-out/>
  <testcase classname="com.Runnerclass.RunnerWithTestNG" name="fullPurchase" time="21.503"/>
  <system-out/>
</testsuite> <!-- com.Runnerclass.RunnerWithTestNG -->
